AndroidStudio/Supervisor/app/build/intermediates/manifest_merge_blame_file/debug/manifest-merger-blame-debug-report.txt
1<?xml version="1.0" encoding="utf-8"?>
2<manifest xmlns:android="http://schemas.android.com/apk/res/android"
3    package="com.grupopakar.grupopakarapp"
4    android:versionCode="4"
5    android:versionName="1.0" >
6
7    <uses-sdk
8        android:minSdkVersion="19"
8-->src/main/AndroidManifest.xml
9        android:targetSdkVersion="28" />
9-->src/main/AndroidManifest.xml
10
11    <uses-permission android:name="android.permission.ACCESS_NETWORK_STATE" />
11-->src/main/AndroidManifest.xml:6:5-79
11-->src/main/AndroidManifest.xml:6:22-76
12    <uses-permission android:name="android.permission.CHANGE_NETWORK_STATE" />
12-->src/main/AndroidManifest.xml:7:5-79
12-->src/main/AndroidManifest.xml:7:22-76
13    <uses-permission android:name="android.permission.INTERNET" />
13-->src/main/AndroidManifest.xml:8:5-67
13-->src/main/AndroidManifest.xml:8:22-64
14    <uses-permission android:name="android.permission.ACCESS_FINE_LOCATION" />
14-->src/main/AndroidManifest.xml:9:5-79
14-->src/main/AndroidManifest.xml:9:22-76
15    <uses-permission android:name="android.permission.ACCESS_COARSE_LOCATION" />
15-->src/main/AndroidManifest.xml:10:5-81
15-->src/main/AndroidManifest.xml:10:22-78
16    <uses-permission android:name="android.permission.READ_EXTERNAL_STORAGE" />
16-->src/main/AndroidManifest.xml:11:5-80
16-->src/main/AndroidManifest.xml:11:22-77
17
18    <supports-screens
18-->src/main/AndroidManifest.xml:13:5-18:40
19        android:anyDensity="true"
19-->src/main/AndroidManifest.xml:14:9-34
20        android:largeScreens="true"
20-->src/main/AndroidManifest.xml:15:9-36
21        android:normalScreens="true"
21-->src/main/AndroidManifest.xml:16:9-37
22        android:smallScreens="true"
22-->src/main/AndroidManifest.xml:17:9-36
23        android:xlargeScreens="true" />
23-->src/main/AndroidManifest.xml:18:9-37
24
25    <uses-permission android:name="android.permission.WAKE_LOCK" /> <!-- Required by older versions of Google Play services to create IID tokens -->
25-->[com.google.android.gms:play-services-measurement-api:17.0.0] AndroidManifest.xml:24:5-68
25-->[com.google.android.gms:play-services-measurement-api:17.0.0] AndroidManifest.xml:24:22-65
26    <uses-permission android:name="com.google.android.c2dm.permission.RECEIVE" />
26-->[com.google.firebase:firebase-iid:19.0.1] AndroidManifest.xml:26:5-82
26-->[com.google.firebase:firebase-iid:19.0.1] AndroidManifest.xml:26:22-79
27    <uses-permission android:name="com.google.android.finsky.permission.BIND_GET_INSTALL_REFERRER_SERVICE" />
27-->[com.google.android.gms:play-services-measurement:17.0.0] AndroidManifest.xml:26:5-110
27-->[com.google.android.gms:play-services-measurement:17.0.0] AndroidManifest.xml:26:22-107
28
29    <application
29-->src/main/AndroidManifest.xml:20:5-109:19
30        android:name="com.grupopakar.grupopakarapp.util.MyApplication"
30-->src/main/AndroidManifest.xml:21:9-43
31        android:allowBackup="true"
31-->src/main/AndroidManifest.xml:22:9-35
32        android:appComponentFactory="androidx.core.app.CoreComponentFactory"
32-->[androidx.core:core:1.0.1] AndroidManifest.xml:22:18-86
33        android:configChanges="orientation"
33-->src/main/AndroidManifest.xml:23:9-44
34        android:debuggable="true"
35        android:fullBackupContent="true"
35-->src/main/AndroidManifest.xml:24:9-41
36        android:hardwareAccelerated="true"
36-->src/main/AndroidManifest.xml:25:9-43
37        android:icon="@drawable/ic_launcher"
37-->src/main/AndroidManifest.xml:26:9-45
38        android:label="@string/app_name"
38-->src/main/AndroidManifest.xml:27:9-41
39        android:largeHeap="true"
39-->src/main/AndroidManifest.xml:28:9-33
40        android:networkSecurityConfig="@xml/network_security_config"
40-->src/main/AndroidManifest.xml:29:9-69
41        android:screenOrientation="portrait"
41-->src/main/AndroidManifest.xml:30:9-45
42        android:supportsRtl="true"
42-->src/main/AndroidManifest.xml:31:9-35
43        android:testOnly="true"
44        android:theme="@style/AppTheme" >
44-->src/main/AndroidManifest.xml:32:9-40
45        <activity android:name="com.grupopakar.grupopakarapp.activity.ImagenCorporativa" />
45-->src/main/AndroidManifest.xml:34:9-73
45-->src/main/AndroidManifest.xml:34:19-61
46        <activity
46-->src/main/AndroidManifest.xml:35:9-38:67
47            android:name="com.grupopakar.grupopakarapp.activity.Tarea"
47-->src/main/AndroidManifest.xml:36:13-43
48            android:screenOrientation="portrait"
48-->src/main/AndroidManifest.xml:37:13-49
49            android:windowSoftInputMode="stateHidden|adjustPan" />
49-->src/main/AndroidManifest.xml:38:13-64
50        <activity
50-->src/main/AndroidManifest.xml:39:9-42:67
51            android:name="com.grupopakar.grupopakarapp.activity.Comentarios"
51-->src/main/AndroidManifest.xml:40:13-49
52            android:screenOrientation="portrait"
52-->src/main/AndroidManifest.xml:41:13-49
53            android:windowSoftInputMode="stateHidden|adjustPan" />
53-->src/main/AndroidManifest.xml:42:13-64
54
55        <uses-library
55-->src/main/AndroidManifest.xml:44:9-46:40
56            android:name="org.apache.http.legacy"
56-->src/main/AndroidManifest.xml:45:13-50
57            android:required="false" />
57-->src/main/AndroidManifest.xml:46:13-37
58
59        <activity
59-->src/main/AndroidManifest.xml:48:9-51:67
60            android:name="com.grupopakar.grupopakarapp.activity.Plantilla"
60-->src/main/AndroidManifest.xml:49:13-47
61            android:screenOrientation="portrait"
61-->src/main/AndroidManifest.xml:50:13-49
62            android:windowSoftInputMode="stateHidden|adjustPan" />
62-->src/main/AndroidManifest.xml:51:13-64
63        <activity
63-->src/main/AndroidManifest.xml:52:9-55:67
64            android:name="com.grupopakar.grupopakarapp.activity.Tienda"
64-->src/main/AndroidManifest.xml:53:13-44
65            android:screenOrientation="portrait"
65-->src/main/AndroidManifest.xml:54:13-49
66            android:windowSoftInputMode="stateHidden|adjustPan" />
66-->src/main/AndroidManifest.xml:55:13-64
67        <activity
67-->src/main/AndroidManifest.xml:56:9-58:52
68            android:name="com.grupopakar.grupopakarapp.activity.Modulos"
68-->src/main/AndroidManifest.xml:57:13-45
69            android:screenOrientation="portrait" />
69-->src/main/AndroidManifest.xml:58:13-49
70        <activity
70-->src/main/AndroidManifest.xml:59:9-62:70
71            android:name="com.grupopakar.grupopakarapp.activity.Login"
71-->src/main/AndroidManifest.xml:60:13-43
72            android:screenOrientation="portrait"
72-->src/main/AndroidManifest.xml:61:13-49
73            android:windowSoftInputMode="adjustResize|stateHidden" />
73-->src/main/AndroidManifest.xml:62:13-67
74        <activity
74-->src/main/AndroidManifest.xml:63:9-65:52
75            android:name="com.grupopakar.grupopakarapp.activity.Inicio"
75-->src/main/AndroidManifest.xml:64:13-44
76            android:screenOrientation="portrait" />
76-->src/main/AndroidManifest.xml:65:13-49
77        <activity
77-->src/main/AndroidManifest.xml:66:9-91:20
78            android:name="com.grupopakar.grupopakarapp.activity.Splash"
78-->src/main/AndroidManifest.xml:67:13-44
79            android:screenOrientation="portrait"
79-->src/main/AndroidManifest.xml:68:13-49
80            android:theme="@style/SplashTheme" >
80-->src/main/AndroidManifest.xml:69:13-47
81            <intent-filter>
81-->src/main/AndroidManifest.xml:70:13-74:29
82                <action android:name="android.intent.action.MAIN" />
82-->src/main/AndroidManifest.xml:71:17-69
82-->src/main/AndroidManifest.xml:71:25-66
83
84                <category android:name="android.intent.category.LAUNCHER" />
84-->src/main/AndroidManifest.xml:73:17-77
84-->src/main/AndroidManifest.xml:73:27-74
85            </intent-filter>
86            <intent-filter>
86-->src/main/AndroidManifest.xml:75:13-85:29
87                <action android:name="android.intent.action.VIEW" />
87-->src/main/AndroidManifest.xml:76:17-69
87-->src/main/AndroidManifest.xml:76:25-66
88
89                <category android:name="android.intent.category.DEFAULT" />
89-->src/main/AndroidManifest.xml:78:17-76
89-->src/main/AndroidManifest.xml:78:27-73
90                <category android:name="android.intent.category.BROWSABLE" />
90-->src/main/AndroidManifest.xml:79:17-78
90-->src/main/AndroidManifest.xml:79:27-75
91
92                <!-- Accepts URIs that begin with "http://www.grupopakar.com” -->
93                <data
93-->src/main/AndroidManifest.xml:82:17-84:45
94                    android:host="www.grupopakar.com"
94-->src/main/AndroidManifest.xml:83:21-54
95                    android:scheme="http" />
95-->src/main/AndroidManifest.xml:84:21-42
96            </intent-filter>
97
98            <!-- Atajos Oreo -->
99            <meta-data
99-->src/main/AndroidManifest.xml:88:13-90:53
100                android:name="android.app.shortcuts"
100-->src/main/AndroidManifest.xml:89:17-53
101                android:resource="@xml/shortcuts" />
101-->src/main/AndroidManifest.xml:90:17-50
102        </activity>
103
104        <provider
104-->src/main/AndroidManifest.xml:93:9-101:20
105            android:name="com.grupopakar.grupopakarapp.util.GPFileProvider"
105-->src/main/AndroidManifest.xml:94:13-48
106            android:authorities="com.grupopakar.grupopakarapp.util.GPFileProvider"
106-->src/main/AndroidManifest.xml:95:13-83
107            android:exported="false"
107-->src/main/AndroidManifest.xml:96:13-37
108            android:grantUriPermissions="true" >
108-->src/main/AndroidManifest.xml:97:13-47
109            <meta-data
109-->src/main/AndroidManifest.xml:98:13-100:58
110                android:name="android.support.FILE_PROVIDER_PATHS"
110-->src/main/AndroidManifest.xml:99:17-67
111                android:resource="@xml/provider_paths" />
111-->src/main/AndroidManifest.xml:100:17-55
112        </provider> <!-- [START firebase_service] -->
113        <service
113-->src/main/AndroidManifest.xml:102:9-108:19
114            android:name="com.grupopakar.grupopakarapp.service.MessagingService"
114-->src/main/AndroidManifest.xml:103:13-53
115            android:exported="false" >
115-->src/main/AndroidManifest.xml:104:13-37
116            <intent-filter>
116-->src/main/AndroidManifest.xml:105:13-107:29
117                <action android:name="com.google.firebase.MESSAGING_EVENT" />
117-->src/main/AndroidManifest.xml:106:17-78
117-->src/main/AndroidManifest.xml:106:25-75
118            </intent-filter>
119        </service>
120
121        <activity
121-->[com.karumi:dexter:6.0.0] AndroidManifest.xml:27:9-29:72
122            android:name="com.karumi.dexter.DexterActivity"
122-->[com.karumi:dexter:6.0.0] AndroidManifest.xml:28:13-60
123            android:theme="@style/Dexter.Internal.Theme.Transparent" />
123-->[com.karumi:dexter:6.0.0] AndroidManifest.xml:29:13-69
124
125        <provider
125-->[com.crashlytics.sdk.android:crashlytics:2.10.1] AndroidManifest.xml:19:9-23:38
126            android:name="com.crashlytics.android.CrashlyticsInitProvider"
126-->[com.crashlytics.sdk.android:crashlytics:2.10.1] AndroidManifest.xml:20:13-75
127            android:authorities="com.grupopakar.grupopakarapp.crashlyticsinitprovider"
127-->[com.crashlytics.sdk.android:crashlytics:2.10.1] AndroidManifest.xml:21:13-75
128            android:exported="false"
128-->[com.crashlytics.sdk.android:crashlytics:2.10.1] AndroidManifest.xml:22:13-37
129            android:initOrder="90" />
129-->[com.crashlytics.sdk.android:crashlytics:2.10.1] AndroidManifest.xml:23:13-35
130
131        <meta-data
131-->[com.github.bumptech.glide:okhttp3-integration:4.7.1] AndroidManifest.xml:11:9-13:43
132            android:name="com.bumptech.glide.integration.okhttp3.OkHttpGlideModule"
132-->[com.github.bumptech.glide:okhttp3-integration:4.7.1] AndroidManifest.xml:12:13-84
133            android:value="GlideModule" />
133-->[com.github.bumptech.glide:okhttp3-integration:4.7.1] AndroidManifest.xml:13:13-40
134        <!--
135             FirebaseMessagingService performs security checks at runtime,
136             but set to not exported to explicitly avoid allowing another app to call it.
137        -->
138        <service
138-->[com.google.firebase:firebase-messaging:19.0.1] AndroidManifest.xml:28:9-34:19
139            android:name="com.google.firebase.messaging.FirebaseMessagingService"
139-->[com.google.firebase:firebase-messaging:19.0.1] AndroidManifest.xml:29:13-82
140            android:exported="false" >
140-->[com.google.firebase:firebase-messaging:19.0.1] AndroidManifest.xml:30:13-37
141            <intent-filter android:priority="-500" >
141-->src/main/AndroidManifest.xml:105:13-107:29
142                <action android:name="com.google.firebase.MESSAGING_EVENT" />
142-->src/main/AndroidManifest.xml:106:17-78
142-->src/main/AndroidManifest.xml:106:25-75
143            </intent-filter>
144        </service>
145        <service
145-->[com.google.android.gms:play-services-measurement-api:17.0.0] AndroidManifest.xml:27:9-33:19
146            android:name="com.google.firebase.components.ComponentDiscoveryService"
146-->[com.google.android.gms:play-services-measurement-api:17.0.0] AndroidManifest.xml:28:13-84
147            android:exported="false" >
147-->[com.google.android.gms:play-services-measurement-api:17.0.0] AndroidManifest.xml:29:13-37
148            <meta-data
148-->[com.google.android.gms:play-services-measurement-api:17.0.0] AndroidManifest.xml:30:13-32:85
149                android:name="com.google.firebase.components:com.google.firebase.analytics.connector.internal.AnalyticsConnectorRegistrar"
149-->[com.google.android.gms:play-services-measurement-api:17.0.0] AndroidManifest.xml:31:17-139
150                android:value="com.google.firebase.components.ComponentRegistrar" />
150-->[com.google.android.gms:play-services-measurement-api:17.0.0] AndroidManifest.xml:32:17-82
151            <meta-data
151-->[com.google.firebase:firebase-iid:19.0.1] AndroidManifest.xml:32:13-34:85
152                android:name="com.google.firebase.components:com.google.firebase.iid.Registrar"
152-->[com.google.firebase:firebase-iid:19.0.1] AndroidManifest.xml:33:17-96
153                android:value="com.google.firebase.components.ComponentRegistrar" />
153-->[com.google.firebase:firebase-iid:19.0.1] AndroidManifest.xml:34:17-82
154        </service>
155
156        <receiver
156-->[com.google.firebase:firebase-iid:19.0.1] AndroidManifest.xml:37:9-44:20
157            android:name="com.google.firebase.iid.FirebaseInstanceIdReceiver"
157-->[com.google.firebase:firebase-iid:19.0.1] AndroidManifest.xml:38:13-78
158            android:exported="true"
158-->[com.google.firebase:firebase-iid:19.0.1] AndroidManifest.xml:39:13-36
159            android:permission="com.google.android.c2dm.permission.SEND" >
159-->[com.google.firebase:firebase-iid:19.0.1] AndroidManifest.xml:40:13-73
160            <intent-filter>
160-->[com.google.firebase:firebase-iid:19.0.1] AndroidManifest.xml:41:13-43:29
161                <action android:name="com.google.android.c2dm.intent.RECEIVE" />
161-->[com.google.firebase:firebase-iid:19.0.1] AndroidManifest.xml:42:17-81
161-->[com.google.firebase:firebase-iid:19.0.1] AndroidManifest.xml:42:25-78
162            </intent-filter>
163        </receiver>
164
165        <provider
165-->[com.google.firebase:firebase-common:18.0.0] AndroidManifest.xml:12:9-16:39
166            android:name="com.google.firebase.provider.FirebaseInitProvider"
166-->[com.google.firebase:firebase-common:18.0.0] AndroidManifest.xml:13:13-77
167            android:authorities="com.grupopakar.grupopakarapp.firebaseinitprovider"
167-->[com.google.firebase:firebase-common:18.0.0] AndroidManifest.xml:14:13-72
168            android:exported="false"
168-->[com.google.firebase:firebase-common:18.0.0] AndroidManifest.xml:15:13-37
169            android:initOrder="100" />
169-->[com.google.firebase:firebase-common:18.0.0] AndroidManifest.xml:16:13-36
170
171        <activity
171-->[com.google.android.gms:play-services-base:17.0.0] AndroidManifest.xml:23:9-26:75
172            android:name="com.google.android.gms.common.api.GoogleApiActivity"
172-->[com.google.android.gms:play-services-base:17.0.0] AndroidManifest.xml:24:13-79
173            android:exported="false"
173-->[com.google.android.gms:play-services-base:17.0.0] AndroidManifest.xml:25:13-37
174            android:theme="@android:style/Theme.Translucent.NoTitleBar" />
174-->[com.google.android.gms:play-services-base:17.0.0] AndroidManifest.xml:26:13-72
175
176        <receiver
176-->[com.google.android.gms:play-services-measurement:17.0.0] AndroidManifest.xml:29:9-33:20
177            android:name="com.google.android.gms.measurement.AppMeasurementReceiver"
177-->[com.google.android.gms:play-services-measurement:17.0.0] AndroidManifest.xml:30:13-85
178            android:enabled="true"
178-->[com.google.android.gms:play-services-measurement:17.0.0] AndroidManifest.xml:31:13-35
179            android:exported="false" >
179-->[com.google.android.gms:play-services-measurement:17.0.0] AndroidManifest.xml:32:13-37
180        </receiver>
181        <receiver
181-->[com.google.android.gms:play-services-measurement:17.0.0] AndroidManifest.xml:34:9-42:20
182            android:name="com.google.android.gms.measurement.AppMeasurementInstallReferrerReceiver"
182-->[com.google.android.gms:play-services-measurement:17.0.0] AndroidManifest.xml:35:13-100
183            android:enabled="true"
183-->[com.google.android.gms:play-services-measurement:17.0.0] AndroidManifest.xml:36:13-35
184            android:exported="true"
184-->[com.google.android.gms:play-services-measurement:17.0.0] AndroidManifest.xml:37:13-36
185            android:permission="android.permission.INSTALL_PACKAGES" >
185-->[com.google.android.gms:play-services-measurement:17.0.0] AndroidManifest.xml:38:13-69
186            <intent-filter>
186-->[com.google.android.gms:play-services-measurement:17.0.0] AndroidManifest.xml:39:13-41:29
187                <action android:name="com.android.vending.INSTALL_REFERRER" />
187-->[com.google.android.gms:play-services-measurement:17.0.0] AndroidManifest.xml:40:17-79
187-->[com.google.android.gms:play-services-measurement:17.0.0] AndroidManifest.xml:40:25-76
188            </intent-filter>
189        </receiver>
190
191        <service
191-->[com.google.android.gms:play-services-measurement:17.0.0] AndroidManifest.xml:44:9-47:40
192            android:name="com.google.android.gms.measurement.AppMeasurementService"
192-->[com.google.android.gms:play-services-measurement:17.0.0] AndroidManifest.xml:45:13-84
193            android:enabled="true"
193-->[com.google.android.gms:play-services-measurement:17.0.0] AndroidManifest.xml:46:13-35
194            android:exported="false" />
194-->[com.google.android.gms:play-services-measurement:17.0.0] AndroidManifest.xml:47:13-37
195        <service
195-->[com.google.android.gms:play-services-measurement:17.0.0] AndroidManifest.xml:48:9-52:72
196            android:name="com.google.android.gms.measurement.AppMeasurementJobService"
196-->[com.google.android.gms:play-services-measurement:17.0.0] AndroidManifest.xml:49:13-87
197            android:enabled="true"
197-->[com.google.android.gms:play-services-measurement:17.0.0] AndroidManifest.xml:50:13-35
198            android:exported="false"
198-->[com.google.android.gms:play-services-measurement:17.0.0] AndroidManifest.xml:51:13-37
199            android:permission="android.permission.BIND_JOB_SERVICE" />
199-->[com.google.android.gms:play-services-measurement:17.0.0] AndroidManifest.xml:52:13-69
200
201        <meta-data
201-->[com.google.android.gms:play-services-basement:17.0.0] AndroidManifest.xml:23:9-25:69
202            android:name="com.google.android.gms.version"
202-->[com.google.android.gms:play-services-basement:17.0.0] AndroidManifest.xml:24:13-58
203            android:value="@integer/google_play_services_version" />
203-->[com.google.android.gms:play-services-basement:17.0.0] AndroidManifest.xml:25:13-66
204    </application>
205
206</manifest>